# JRE version: Java(TM) SE Runtime Environment (8.0_181-b13) (build 1.8.0_181-b13)
# Java VM: Java HotSpot(TM) 64-Bit Server VM (25.181-b13 mixed mode windows-amd64 compressed oops)
Heap:
 PSYoungGen      total 827392K, used 70506K [0x000000076af00000, 0x00000007a0700000, 0x00000007c0000000)
  eden space 818176K, 7% used [0x000000076af00000,0x000000076ec0c3f0,0x000000079ce00000)
  from space 9216K, 86% used [0x000000079fe00000,0x00000007a05ce7a0,0x00000007a0700000)
  to   space 29184K, 0% used [0x000000079ce00000,0x000000079ce00000,0x000000079ea80000)
 ParOldGen       total 2788352K, used 1832535K [0x00000006c0c00000, 0x000000076af00000, 0x000000076af00000)
  object space 2788352K, 65% used [0x00000006c0c00000,0x0000000730995d28,0x000000076af00000)
 Metaspace       used 11071K, capacity 11308K, committed 11392K, reserved 1058816K
  class space    used 1307K, capacity 1373K, committed 1408K, reserved 1048576K
GC Heap History (10 events):
Event: 23.562 GC heap before
{Heap before GC invocations=23 (full 5):
 PSYoungGen      total 748544K, used 715776K [0x000000076af00000, 0x000000079cb00000, 0x00000007c0000000)
  eden space 715776K, 100% used [0x000000076af00000,0x0000000796a00000,0x0000000796a00000)
  from space 32768K, 0% used [0x0000000796a00000,0x0000000796a00000,0x0000000798a00000)
  to   space 32768K, 0% used [0x000000079ab00000,0x000000079ab00000,0x000000079cb00000)
 ParOldGen       total 2788352K, used 1823366K [0x00000006c0c00000, 0x000000076af00000, 0x000000076af00000)
  object space 2788352K, 65% used [0x00000006c0c00000,0x00000007300a1878,0x000000076af00000)
 Metaspace       used 6883K, capacity 7076K, committed 7296K, reserved 1056768K
  class space    used 761K, capacity 826K, committed 896K, reserved 1048576K
Event: 23.565 GC heap after
Heap after GC invocations=23 (full 5):
 PSYoungGen      total 748544K, used 0K [0x000000076af00000, 0x000000079cb00000, 0x00000007c0000000)
  eden space 715776K, 0% used [0x000000076af00000,0x000000076af00000,0x0000000796a00000)
  from space 32768K, 0% used [0x000000079ab00000,0x000000079ab00000,0x000000079cb00000)
  to   space 32768K, 0% used [0x0000000796a00000,0x0000000796a00000,0x0000000798a00000)
 ParOldGen       total 2788352K, used 1823366K [0x00000006c0c00000, 0x000000076af00000, 0x000000076af00000)
  object space 2788352K, 65% used [0x00000006c0c00000,0x00000007300a1878,0x000000076af00000)
 Metaspace       used 6883K, capacity 7076K, committed 7296K, reserved 1056768K
  class space    used 761K, capacity 826K, committed 896K, reserved 1048576K
}
Event: 24.515 GC heap before
{Heap before GC invocations=24 (full 5):
 PSYoungGen      total 748544K, used 715776K [0x000000076af00000, 0x000000079cb00000, 0x00000007c0000000)
  eden space 715776K, 100% used [0x000000076af00000,0x0000000796a00000,0x0000000796a00000)
  from space 32768K, 0% used [0x000000079ab00000,0x000000079ab00000,0x000000079cb00000)
  to   space 32768K, 0% used [0x0000000796a00000,0x0000000796a00000,0x0000000798a00000)
 ParOldGen       total 2788352K, used 1823366K [0x00000006c0c00000, 0x000000076af00000, 0x000000076af00000)
  object space 2788352K, 65% used [0x00000006c0c00000,0x00000007300a1878,0x000000076af00000)
 Metaspace       used 6883K, capacity 7076K, committed 7296K, reserved 1056768K
  class space    used 761K, capacity 826K, committed 896K, reserved 1048576K
Event: 24.519 GC heap after
Heap after GC invocations=24 (full 5):
 PSYoungGen      total 748544K, used 0K [0x000000076af00000, 0x00000007a1b80000, 0x00000007c0000000)
  eden space 715776K, 0% used [0x000000076af00000,0x000000076af00000,0x0000000796a00000)
  from space 32768K, 0% used [0x0000000796a00000,0x0000000796a00000,0x0000000798a00000)
  to   space 30208K, 0% used [0x000000079fe00000,0x000000079fe00000,0x00000007a1b80000)
 ParOldGen       total 2788352K, used 1823366K [0x00000006c0c00000, 0x000000076af00000, 0x000000076af00000)
  object space 2788352K, 65% used [0x00000006c0c00000,0x00000007300a1878,0x000000076af00000)
 Metaspace       used 6883K, capacity 7076K, committed 7296K, reserved 1056768K
  class space    used 761K, capacity 826K, committed 896K, reserved 1048576K
}
Event: 25.566 GC heap before
{Heap before GC invocations=25 (full 5):
 PSYoungGen      total 748544K, used 715776K [0x000000076af00000, 0x00000007a1b80000, 0x00000007c0000000)
  eden space 715776K, 100% used [0x000000076af00000,0x0000000796a00000,0x0000000796a00000)
  from space 32768K, 0% used [0x0000000796a00000,0x0000000796a00000,0x0000000798a00000)
  to   space 30208K, 0% used [0x000000079fe00000,0x000000079fe00000,0x00000007a1b80000)
 ParOldGen       total 2788352K, used 1823366K [0x00000006c0c00000, 0x000000076af00000, 0x000000076af00000)
  object space 2788352K, 65% used [0x00000006c0c00000,0x00000007300a1878,0x000000076af00000)
 Metaspace       used 6883K, capacity 7076K, committed 7296K, reserved 1056768K
  class space    used 761K, capacity 826K, committed 896K, reserved 1048576K
Event: 25.570 GC heap after
Heap after GC invocations=25 (full 5):
 PSYoungGen      total 827392K, used 0K [0x000000076af00000, 0x00000007a0700000, 0x00000007c0000000)
  eden space 818176K, 0% used [0x000000076af00000,0x000000076af00000,0x000000079ce00000)
  from space 9216K, 0% used [0x000000079fe00000,0x000000079fe00000,0x00000007a0700000)
  to   space 29184K, 0% used [0x000000079ce00000,0x000000079ce00000,0x000000079ea80000)
 ParOldGen       total 2788352K, used 1823366K [0x00000006c0c00000, 0x000000076af00000, 0x000000076af00000)
  object space 2788352K, 65% used [0x00000006c0c00000,0x00000007300a1878,0x000000076af00000)
 Metaspace       used 6883K, capacity 7076K, committed 7296K, reserved 1056768K
  class space    used 761K, capacity 826K, committed 896K, reserved 1048576K
}
Event: 27.071 GC heap before
{Heap before GC invocations=26 (full 5):
 PSYoungGen      total 827392K, used 818176K [0x000000076af00000, 0x00000007a0700000, 0x00000007c0000000)
  eden space 818176K, 100% used [0x000000076af00000,0x000000079ce00000,0x000000079ce00000)
  from space 9216K, 0% used [0x000000079fe00000,0x000000079fe00000,0x00000007a0700000)
  to   space 29184K, 0% used [0x000000079ce00000,0x000000079ce00000,0x000000079ea80000)
 ParOldGen       total 2788352K, used 1823366K [0x00000006c0c00000, 0x000000076af00000, 0x000000076af00000)
  object space 2788352K, 65% used [0x00000006c0c00000,0x00000007300a1878,0x000000076af00000)
 Metaspace       used 8203K, capacity 8364K, committed 8448K, reserved 1056768K
  class space    used 935K, capacity 1001K, committed 1024K, reserved 1048576K
Event: 27.080 GC heap after
Heap after GC invocations=26 (full 5):
 PSYoungGen      total 847360K, used 17873K [0x000000076af00000, 0x00000007a0700000, 0x00000007c0000000)
  eden space 818176K, 0% used [0x000000076af00000,0x000000076af00000,0x000000079ce00000)
  from space 29184K, 61% used [0x000000079ce00000,0x000000079df74730,0x000000079ea80000)
  to   space 9216K, 0% used [0x000000079fe00000,0x000000079fe00000,0x00000007a0700000)
 ParOldGen       total 2788352K, used 1823374K [0x00000006c0c00000, 0x000000076af00000, 0x000000076af00000)
  object space 2788352K, 65% used [0x00000006c0c00000,0x00000007300a3878,0x000000076af00000)
 Metaspace       used 8203K, capacity 8364K, committed 8448K, reserved 1056768K
  class space    used 935K, capacity 1001K, committed 1024K, reserved 1048576K
}
Event: 31.553 GC heap before
{Heap before GC invocations=27 (full 5):
 PSYoungGen      total 847360K, used 825640K [0x000000076af00000, 0x00000007a0700000, 0x00000007c0000000)
  eden space 818176K, 98% used [0x000000076af00000,0x000000079c3d5ba8,0x000000079ce00000)
  from space 29184K, 61% used [0x000000079ce00000,0x000000079df74730,0x000000079ea80000)
  to   space 9216K, 0% used [0x000000079fe00000,0x000000079fe00000,0x00000007a0700000)
 ParOldGen       total 2788352K, used 1823374K [0x00000006c0c00000, 0x000000076af00000, 0x000000076af00000)
  object space 2788352K, 65% used [0x00000006c0c00000,0x00000007300a3878,0x000000076af00000)
 Metaspace       used 10878K, capacity 11116K, committed 11392K, reserved 1058816K
  class space    used 1300K, capacity 1373K, committed 1408K, reserved 1048576K
Event: 31.561 GC heap after
Heap after GC invocations=27 (full 5):
 PSYoungGen      total 827392K, used 7993K [0x000000076af00000, 0x00000007a0700000, 0x00000007c0000000)
  eden space 818176K, 0% used [0x000000076af00000,0x000000076af00000,0x000000079ce00000)
  from space 9216K, 86% used [0x000000079fe00000,0x00000007a05ce7a0,0x00000007a0700000)
  to   space 29184K, 0% used [0x000000079ce00000,0x000000079ce00000,0x000000079ea80000)
 ParOldGen       total 2788352K, used 1832535K [0x00000006c0c00000, 0x000000076af00000, 0x000000076af00000)
  object space 2788352K, 65% used [0x00000006c0c00000,0x0000000730995d28,0x000000076af00000)
 Metaspace       used 10878K, capacity 11116K, committed 11392K, reserved 1058816K
  class space    used 1300K, capacity 1373K, committed 1408K, reserved 1048576K
}

